This file contains any messages produced by compilers while
running configure, to aid debugging if configure makes a mistake.

It was created by configure, which was
generated by GNU Autoconf 2.69.  Invocation command line was

  $ ../configure --prefix=/home/majiahao/bbbbb/step3/binutils-install --enable-plugins --disable-nls

## --------- ##
## Platform. ##
## --------- ##

hostname = majiahao-OptiPlex-9010
uname -m = x86_64
uname -r = 4.15.0-47-generic
uname -s = Linux
uname -v = #50~16.04.1-Ubuntu SMP Fri Mar 15 16:06:21 UTC 2019

/usr/bin/uname -p = unknown
/bin/uname -X     = unknown

/bin/arch              = unknown
/usr/bin/arch -k       = unknown
/usr/convex/getsysinfo = unknown
/usr/bin/hostinfo      = unknown
/bin/machine           = unknown
/usr/bin/oslevel       = unknown
/bin/universe          = unknown

PATH: /home/majiahao/bbbbb/step2/binutils-install/bin
PATH: /home/majiahao/bbbbb/step1/gcc-install/bin
PATH: /home/majiahao/bbbbb/step1/binutils-install/bin
PATH: /home/majiahao/bbbbb/step1/gcc-install/bin
PATH: /home/majiahao/bin
PATH: /home/majiahao/.local/bin
PATH: /usr/local/sbin
PATH: /usr/local/bin
PATH: /usr/sbin
PATH: /usr/bin
PATH: /sbin
PATH: /bin
PATH: /usr/games
PATH: /usr/local/games
PATH: /snap/bin


## ----------- ##
## Core tests. ##
## ----------- ##

configure:2340: checking build system type
configure:2354: result: x86_64-pc-linux-gnu
configure:2401: checking host system type
configure:2414: result: x86_64-pc-linux-gnu
configure:2434: checking target system type
configure:2447: result: x86_64-pc-linux-gnu
configure:2501: checking for a BSD-compatible install
configure:2569: result: /usr/bin/install -c
configure:2580: checking whether ln works
configure:2602: result: yes
configure:2606: checking whether ln -s works
configure:2610: result: yes
configure:2617: checking for a sed that does not truncate output
configure:2681: result: /bin/sed
configure:2690: checking for gawk
configure:2706: found /usr/bin/gawk
configure:2717: result: gawk
configure:4028: checking for gcc
configure:4044: found /home/majiahao/bbbbb/step1/gcc-install/bin/gcc
configure:4055: result: gcc
configure:4284: checking for C compiler version
configure:4293: gcc --version >&5
gcc (GCC) 8.2.0
Copyright (C) 2018 Free Software Foundation, Inc.
This is free software; see the source for copying conditions.  There is NO
warranty; not even for MERCHANTABILITY or FITNESS FOR A PARTICULAR PURPOSE.

configure:4304: $? = 0
configure:4293: gcc -v >&5
Using built-in specs.
COLLECT_GCC=gcc
COLLECT_LTO_WRAPPER=/home/majiahao/bbbbb/step1/gcc-install/libexec/gcc/x86_64-pc-linux-gnu/8.2.0/lto-wrapper
Target: x86_64-pc-linux-gnu
Configured with: ../configure --prefix=/home/majiahao/bbbbb/step1/gcc-install --enable-languages=c,c++ --disable-multilib
Thread model: posix
gcc version 8.2.0 (GCC) 
configure:4304: $? = 0
configure:4293: gcc -V >&5
gcc: error: unrecognized command line option '-V'
gcc: fatal error: no input files
compilation terminated.
configure:4304: $? = 1
configure:4293: gcc -qversion >&5
gcc: error: unrecognized command line option '-qversion'; did you mean '--version'?
gcc: fatal error: no input files
compilation terminated.
configure:4304: $? = 1
configure:4324: checking whether the C compiler works
configure:4346: gcc    conftest.c  >&5
configure:4350: $? = 0
configure:4398: result: yes
configure:4401: checking for C compiler default output file name
configure:4403: result: a.out
configure:4409: checking for suffix of executables
configure:4416: gcc -o conftest    conftest.c  >&5
configure:4420: $? = 0
configure:4442: result: 
configure:4464: checking whether we are cross compiling
configure:4472: gcc -o conftest    conftest.c  >&5
configure:4476: $? = 0
configure:4483: ./conftest
configure:4487: $? = 0
configure:4502: result: no
configure:4507: checking for suffix of object files
configure:4529: gcc -c   conftest.c >&5
configure:4533: $? = 0
configure:4554: result: o
configure:4558: checking whether we are using the GNU C compiler
configure:4577: gcc -c   conftest.c >&5
configure:4577: $? = 0
configure:4586: result: yes
configure:4595: checking whether gcc accepts -g
configure:4615: gcc -c -g  conftest.c >&5
configure:4615: $? = 0
configure:4656: result: yes
configure:4673: checking for gcc option to accept ISO C89
configure:4736: gcc  -c -g -O2  conftest.c >&5
configure:4736: $? = 0
configure:4749: result: none needed
configure:4827: checking for g++
configure:4843: found /home/majiahao/bbbbb/step1/gcc-install/bin/g++
configure:4854: result: g++
configure:4881: checking for C++ compiler version
configure:4890: g++ --version >&5
g++ (GCC) 8.2.0
Copyright (C) 2018 Free Software Foundation, Inc.
This is free software; see the source for copying conditions.  There is NO
warranty; not even for MERCHANTABILITY or FITNESS FOR A PARTICULAR PURPOSE.

configure:4901: $? = 0
configure:4890: g++ -v >&5
Using built-in specs.
COLLECT_GCC=g++
COLLECT_LTO_WRAPPER=/home/majiahao/bbbbb/step1/gcc-install/libexec/gcc/x86_64-pc-linux-gnu/8.2.0/lto-wrapper
Target: x86_64-pc-linux-gnu
Configured with: ../configure --prefix=/home/majiahao/bbbbb/step1/gcc-install --enable-languages=c,c++ --disable-multilib
Thread model: posix
gcc version 8.2.0 (GCC) 
configure:4901: $? = 0
configure:4890: g++ -V >&5
g++: error: unrecognized command line option '-V'
g++: fatal error: no input files
compilation terminated.
configure:4901: $? = 1
configure:4890: g++ -qversion >&5
g++: error: unrecognized command line option '-qversion'; did you mean '--version'?
g++: fatal error: no input files
compilation terminated.
configure:4901: $? = 1
configure:4905: checking whether we are using the GNU C++ compiler
configure:4924: g++ -c   conftest.cpp >&5
configure:4924: $? = 0
configure:4933: result: yes
configure:4942: checking whether g++ accepts -g
configure:4962: g++ -c -g  conftest.cpp >&5
configure:4962: $? = 0
configure:5003: result: yes
configure:5052: checking whether g++ accepts -static-libstdc++ -static-libgcc
configure:5069: g++ -o conftest -g -O2   -static-libstdc++ -static-libgcc conftest.cpp  >&5
configure:5069: $? = 0
configure:5070: result: yes
configure:5134: checking for gnatbind
configure:5164: result: no
configure:5226: checking for gnatmake
configure:5256: result: no
configure:5275: checking whether compiler driver understands Ada
configure:5298: result: no
configure:5307: checking how to compare bootstrapped objects
configure:5332: result: cmp --ignore-initial=16 $$f1 $$f2
configure:5392: checking for objdir
configure:5407: result: .libs
configure:5955: checking for isl 0.15 or later
configure:5968: gcc -o conftest -g -O2      -lisl -lmpc -lmpfr -lgmp conftest.c  -lisl -lgmp >&5
conftest.c:10:10: fatal error: isl/schedule.h: No such file or directory
 #include <isl/schedule.h>
          ^~~~~~~~~~~~~~~~
compilation terminated.
configure:5968: $? = 1
configure: failed program was:
| /* confdefs.h */
| #define PACKAGE_NAME ""
| #define PACKAGE_TARNAME ""
| #define PACKAGE_VERSION ""
| #define PACKAGE_STRING ""
| #define PACKAGE_BUGREPORT ""
| #define PACKAGE_URL ""
| #define LT_OBJDIR ".libs/"
| /* end confdefs.h.  */
| #include <isl/schedule.h>
| int
| main ()
| {
| isl_options_set_schedule_serialize_sccs (NULL, 0);
|   ;
|   return 0;
| }
configure:5975: result: no
configure:5979: result: required isl version is 0.15 or later
configure:7072: checking for default BUILD_CONFIG
configure:7104: result: 
configure:7109: checking for --enable-vtable-verify
configure:7122: result: no
configure:7712: checking for bison
configure:7728: found /usr/bin/bison
configure:7739: result: bison -y
configure:7759: checking for bison
configure:7775: found /usr/bin/bison
configure:7786: result: bison
configure:7806: checking for gm4
configure:7836: result: no
configure:7806: checking for gnum4
configure:7836: result: no
configure:7806: checking for m4
configure:7822: found /usr/bin/m4
configure:7833: result: m4
configure:7853: checking for flex
configure:7869: found /usr/bin/flex
configure:7880: result: flex
configure:7901: checking for flex
configure:7917: found /usr/bin/flex
configure:7928: result: flex
configure:7948: checking for makeinfo
configure:7964: found /usr/bin/makeinfo
configure:7975: result: makeinfo
configure:8009: checking for expect
configure:8039: result: no
configure:8058: checking for runtest
configure:8088: result: no
configure:8203: checking for ar
configure:8219: found /home/majiahao/bbbbb/step2/binutils-install/bin/ar
configure:8230: result: ar
configure:8344: checking for as
configure:8360: found /home/majiahao/bbbbb/step2/binutils-install/bin/as
configure:8371: result: as
configure:8485: checking for dlltool
configure:8515: result: no
configure:8626: checking for ld
configure:8642: found /home/majiahao/bbbbb/step2/binutils-install/bin/ld
configure:8653: result: ld
configure:8767: checking for lipo
configure:8797: result: no
configure:8908: checking for nm
configure:8924: found /home/majiahao/bbbbb/step2/binutils-install/bin/nm
configure:8935: result: nm
configure:9049: checking for ranlib
configure:9065: found /home/majiahao/bbbbb/step2/binutils-install/bin/ranlib
configure:9076: result: ranlib
configure:9185: checking for strip
configure:9201: found /home/majiahao/bbbbb/step2/binutils-install/bin/strip
configure:9212: result: strip
configure:9321: checking for windres
configure:9351: result: no
configure:9462: checking for windmc
configure:9492: result: no
configure:9603: checking for objcopy
configure:9619: found /home/majiahao/bbbbb/step2/binutils-install/bin/objcopy
configure:9630: result: objcopy
configure:9744: checking for objdump
configure:9760: found /home/majiahao/bbbbb/step2/binutils-install/bin/objdump
configure:9771: result: objdump
configure:9885: checking for readelf
configure:9901: found /home/majiahao/bbbbb/step2/binutils-install/bin/readelf
configure:9912: result: readelf
configure:10065: checking for cc
configure:10081: found /usr/bin/cc
configure:10092: result: cc
configure:10226: checking for c++
configure:10242: found /home/majiahao/bbbbb/step1/gcc-install/bin/c++
configure:10253: result: c++
configure:10387: checking for gcc
configure:10403: found /home/majiahao/bbbbb/step1/gcc-install/bin/gcc
configure:10414: result: gcc
configure:10543: checking for gfortran
configure:10573: result: no
configure:10704: checking for gccgo
configure:10734: result: no
configure:10945: checking for ar
configure:10961: found /home/majiahao/bbbbb/step2/binutils-install/bin/ar
configure:10972: result: ar
configure:11175: checking for as
configure:11191: found /home/majiahao/bbbbb/step2/binutils-install/bin/as
configure:11202: result: as
configure:11405: checking for dlltool
configure:11435: result: no
configure:11635: checking for ld
configure:11651: found /home/majiahao/bbbbb/step2/binutils-install/bin/ld
configure:11662: result: ld
configure:11865: checking for lipo
configure:11895: result: no
configure:12095: checking for nm
configure:12111: found /home/majiahao/bbbbb/step2/binutils-install/bin/nm
configure:12122: result: nm
configure:12325: checking for objcopy
configure:12341: found /home/majiahao/bbbbb/step2/binutils-install/bin/objcopy
configure:12352: result: objcopy
configure:12555: checking for objdump
configure:12571: found /home/majiahao/bbbbb/step2/binutils-install/bin/objdump
configure:12582: result: objdump
configure:12785: checking for ranlib
configure:12801: found /home/majiahao/bbbbb/step2/binutils-install/bin/ranlib
configure:12812: result: ranlib
configure:13015: checking for readelf
configure:13031: found /home/majiahao/bbbbb/step2/binutils-install/bin/readelf
configure:13042: result: readelf
configure:13245: checking for strip
configure:13261: found /home/majiahao/bbbbb/step2/binutils-install/bin/strip
configure:13272: result: strip
configure:13475: checking for windres
configure:13505: result: no
configure:13705: checking for windmc
configure:13735: result: no
configure:13763: checking where to find the target ar
configure:13786: result: just compiled
configure:13805: checking where to find the target as
configure:13828: result: just compiled
configure:13847: checking where to find the target cc
configure:13880: result: host tool
configure:13889: checking where to find the target c++
configure:13925: result: host tool
configure:13934: checking where to find the target c++ for libstdc++
configure:13970: result: host tool
configure:13979: checking where to find the target dlltool
configure:14002: result: just compiled
configure:14021: checking where to find the target gcc
configure:14054: result: host tool
configure:14063: checking where to find the target gfortran
configure:14099: result: host tool
configure:14108: checking where to find the target gccgo
configure:14144: result: host tool
configure:14153: checking where to find the target ld
configure:14176: result: just compiled
configure:14195: checking where to find the target lipo
configure:14217: result: host tool
configure:14226: checking where to find the target nm
configure:14249: result: just compiled
configure:14268: checking where to find the target objcopy
configure:14291: result: just compiled
configure:14310: checking where to find the target objdump
configure:14333: result: just compiled
configure:14352: checking where to find the target ranlib
configure:14375: result: just compiled
configure:14394: checking where to find the target readelf
configure:14417: result: just compiled
configure:14436: checking where to find the target strip
configure:14459: result: just compiled
configure:14478: checking where to find the target windres
configure:14501: result: just compiled
configure:14520: checking where to find the target windmc
configure:14543: result: just compiled
configure:14590: checking whether to enable maintainer-specific portions of Makefiles
configure:14599: result: no
configure:14842: creating ./config.status

## ---------------------- ##
## Running config.status. ##
## ---------------------- ##

This file was extended by config.status, which was
generated by GNU Autoconf 2.69.  Invocation command line was

  CONFIG_FILES    = 
  CONFIG_HEADERS  = 
  CONFIG_LINKS    = 
  CONFIG_COMMANDS = 
  $ ./config.status 

on majiahao-OptiPlex-9010

config.status:944: creating Makefile

## ---------------- ##
## Cache variables. ##
## ---------------- ##

ac_cv_build=x86_64-pc-linux-gnu
ac_cv_c_compiler_gnu=yes
ac_cv_cxx_compiler_gnu=yes
ac_cv_env_AR_FOR_TARGET_set=
ac_cv_env_AR_FOR_TARGET_value=
ac_cv_env_AR_set=
ac_cv_env_AR_value=
ac_cv_env_AS_FOR_TARGET_set=
ac_cv_env_AS_FOR_TARGET_value=
ac_cv_env_AS_set=
ac_cv_env_AS_value=
ac_cv_env_CCC_set=
ac_cv_env_CCC_value=
ac_cv_env_CC_FOR_TARGET_set=
ac_cv_env_CC_FOR_TARGET_value=
ac_cv_env_CC_set=
ac_cv_env_CC_value=
ac_cv_env_CFLAGS_set=
ac_cv_env_CFLAGS_value=
ac_cv_env_CPPFLAGS_set=
ac_cv_env_CPPFLAGS_value=
ac_cv_env_CXXFLAGS_set=
ac_cv_env_CXXFLAGS_value=
ac_cv_env_CXX_FOR_TARGET_set=
ac_cv_env_CXX_FOR_TARGET_value=
ac_cv_env_CXX_set=
ac_cv_env_CXX_value=
ac_cv_env_DLLTOOL_FOR_TARGET_set=
ac_cv_env_DLLTOOL_FOR_TARGET_value=
ac_cv_env_DLLTOOL_set=
ac_cv_env_DLLTOOL_value=
ac_cv_env_GCC_FOR_TARGET_set=
ac_cv_env_GCC_FOR_TARGET_value=
ac_cv_env_GFORTRAN_FOR_TARGET_set=
ac_cv_env_GFORTRAN_FOR_TARGET_value=
ac_cv_env_GOC_FOR_TARGET_set=
ac_cv_env_GOC_FOR_TARGET_value=
ac_cv_env_LDFLAGS_set=
ac_cv_env_LDFLAGS_value=
ac_cv_env_LD_FOR_TARGET_set=
ac_cv_env_LD_FOR_TARGET_value=
ac_cv_env_LD_set=
ac_cv_env_LD_value=
ac_cv_env_LIBS_set=
ac_cv_env_LIBS_value=
ac_cv_env_LIPO_FOR_TARGET_set=
ac_cv_env_LIPO_FOR_TARGET_value=
ac_cv_env_LIPO_set=
ac_cv_env_LIPO_value=
ac_cv_env_NM_FOR_TARGET_set=
ac_cv_env_NM_FOR_TARGET_value=
ac_cv_env_NM_set=
ac_cv_env_NM_value=
ac_cv_env_OBJCOPY_FOR_TARGET_set=
ac_cv_env_OBJCOPY_FOR_TARGET_value=
ac_cv_env_OBJCOPY_set=
ac_cv_env_OBJCOPY_value=
ac_cv_env_OBJDUMP_FOR_TARGET_set=
ac_cv_env_OBJDUMP_FOR_TARGET_value=
ac_cv_env_OBJDUMP_set=
ac_cv_env_OBJDUMP_value=
ac_cv_env_RANLIB_FOR_TARGET_set=
ac_cv_env_RANLIB_FOR_TARGET_value=
ac_cv_env_RANLIB_set=
ac_cv_env_RANLIB_value=
ac_cv_env_READELF_FOR_TARGET_set=
ac_cv_env_READELF_FOR_TARGET_value=
ac_cv_env_READELF_set=
ac_cv_env_READELF_value=
ac_cv_env_STRIP_FOR_TARGET_set=
ac_cv_env_STRIP_FOR_TARGET_value=
ac_cv_env_STRIP_set=
ac_cv_env_STRIP_value=
ac_cv_env_WINDMC_FOR_TARGET_set=
ac_cv_env_WINDMC_FOR_TARGET_value=
ac_cv_env_WINDMC_set=
ac_cv_env_WINDMC_value=
ac_cv_env_WINDRES_FOR_TARGET_set=
ac_cv_env_WINDRES_FOR_TARGET_value=
ac_cv_env_WINDRES_set=
ac_cv_env_WINDRES_value=
ac_cv_env_build_alias_set=
ac_cv_env_build_alias_value=
ac_cv_env_build_configargs_set=
ac_cv_env_build_configargs_value=
ac_cv_env_host_alias_set=
ac_cv_env_host_alias_value=
ac_cv_env_host_configargs_set=
ac_cv_env_host_configargs_value=
ac_cv_env_target_alias_set=
ac_cv_env_target_alias_value=
ac_cv_env_target_configargs_set=
ac_cv_env_target_configargs_value=
ac_cv_host=x86_64-pc-linux-gnu
ac_cv_objext=o
ac_cv_path_SED=/bin/sed
ac_cv_path_install='/usr/bin/install -c'
ac_cv_prog_AR=ar
ac_cv_prog_AR_FOR_TARGET=ar
ac_cv_prog_AS=as
ac_cv_prog_AS_FOR_TARGET=as
ac_cv_prog_AWK=gawk
ac_cv_prog_BISON=bison
ac_cv_prog_CC_FOR_TARGET=cc
ac_cv_prog_CXX_FOR_TARGET=c++
ac_cv_prog_FLEX=flex
ac_cv_prog_GCC_FOR_TARGET=gcc
ac_cv_prog_LD=ld
ac_cv_prog_LD_FOR_TARGET=ld
ac_cv_prog_LEX=flex
ac_cv_prog_M4=m4
ac_cv_prog_MAKEINFO=makeinfo
ac_cv_prog_NM=nm
ac_cv_prog_NM_FOR_TARGET=nm
ac_cv_prog_OBJCOPY=objcopy
ac_cv_prog_OBJCOPY_FOR_TARGET=objcopy
ac_cv_prog_OBJDUMP=objdump
ac_cv_prog_OBJDUMP_FOR_TARGET=objdump
ac_cv_prog_RANLIB=ranlib
ac_cv_prog_RANLIB_FOR_TARGET=ranlib
ac_cv_prog_READELF=readelf
ac_cv_prog_READELF_FOR_TARGET=readelf
ac_cv_prog_STRIP=strip
ac_cv_prog_STRIP_FOR_TARGET=strip
ac_cv_prog_YACC='bison -y'
ac_cv_prog_ac_ct_CC=gcc
ac_cv_prog_ac_ct_CXX=g++
ac_cv_prog_cc_c89=
ac_cv_prog_cc_g=yes
ac_cv_prog_cxx_g=yes
ac_cv_target=x86_64-pc-linux-gnu
acx_cv_cc_gcc_supports_ada=no
acx_cv_prog_LN=ln
gcc_cv_isl=no
gcc_cv_prog_cmp_skip='cmp --ignore-initial=16 $$f1 $$f2'
gcc_cv_tool_dirs=
gcc_cv_tool_prefix=/home/majiahao/bbbbb/step3/binutils-install
lt_cv_objdir=.libs

## ----------------- ##
## Output variables. ##
## ----------------- ##

AR='ar'
AR_FOR_BUILD='$(AR)'
AR_FOR_TARGET='$$r/$(HOST_SUBDIR)/binutils/ar'
AS='as'
AS_FOR_BUILD='$(AS)'
AS_FOR_TARGET='$$r/$(HOST_SUBDIR)/gas/as-new'
AWK='gawk'
BISON='bison'
BUILD_CONFIG=''
CC='gcc'
CC_FOR_BUILD='$(CC)'
CC_FOR_TARGET='$(CC)'
CFLAGS='-g -O2'
CFLAGS_FOR_BUILD='-g -O2'
CFLAGS_FOR_TARGET='-g -O2'
COMPILER_AS_FOR_TARGET='$(AS_FOR_TARGET)'
COMPILER_LD_FOR_TARGET='$(LD_FOR_TARGET)'
COMPILER_NM_FOR_TARGET='$(NM_FOR_TARGET)'
CONFIGURE_GDB_TK=''
CPPFLAGS=''
CXX='g++'
CXXFLAGS='-g -O2'
CXXFLAGS_FOR_BUILD='-g -O2'
CXXFLAGS_FOR_TARGET='-g -O2'
CXX_FOR_BUILD='$(CXX)'
CXX_FOR_TARGET='$(CXX)'
DEBUG_PREFIX_CFLAGS_FOR_TARGET=''
DEFS='-DPACKAGE_NAME=\"\" -DPACKAGE_TARNAME=\"\" -DPACKAGE_VERSION=\"\" -DPACKAGE_STRING=\"\" -DPACKAGE_BUGREPORT=\"\" -DPACKAGE_URL=\"\" -DLT_OBJDIR=\".libs/\"'
DLLTOOL='dlltool'
DLLTOOL_FOR_BUILD='$(DLLTOOL)'
DLLTOOL_FOR_TARGET='$$r/$(HOST_SUBDIR)/binutils/dlltool'
ECHO_C=''
ECHO_N='-n'
ECHO_T=''
EXEEXT=''
EXPECT='expect'
FLAGS_FOR_TARGET=' -L$$r/$(HOST_SUBDIR)/ld'
FLEX='flex'
GCC_FOR_TARGET='$()'
GCC_SHLIB_SUBDIR=''
GDB_TK=''
GFORTRAN_FOR_BUILD='$(GFORTRAN)'
GFORTRAN_FOR_TARGET='$(GFORTRAN)'
GNATBIND='no'
GNATMAKE='no'
GOC_FOR_BUILD='$(GOC)'
GOC_FOR_TARGET='$(GOC)'
INSTALL_DATA='${INSTALL} -m 644'
INSTALL_GDB_TK=''
INSTALL_PROGRAM='${INSTALL}'
INSTALL_SCRIPT='${INSTALL}'
LD='ld'
LDFLAGS=''
LDFLAGS_FOR_BUILD=''
LDFLAGS_FOR_TARGET=''
LD_FOR_BUILD='$(LD)'
LD_FOR_TARGET='$$r/$(HOST_SUBDIR)/ld/ld-new'
LEX='flex'
LIBOBJS=''
LIBS=''
LIPO='lipo'
LIPO_FOR_TARGET='$(LIPO)'
LN='ln'
LN_S='ln -s'
LTLIBOBJS=''
M4='m4'
MAINT='#'
MAINTAINER_MODE_FALSE=''
MAINTAINER_MODE_TRUE='#'
MAKEINFO='makeinfo'
NM='nm'
NM_FOR_BUILD='$(NM)'
NM_FOR_TARGET='$$r/$(HOST_SUBDIR)/binutils/nm-new'
OBJCOPY='objcopy'
OBJCOPY_FOR_TARGET='$$r/$(HOST_SUBDIR)/binutils/objcopy'
OBJDUMP='objdump'
OBJDUMP_FOR_TARGET='$$r/$(HOST_SUBDIR)/binutils/objdump'
OBJEXT='o'
PACKAGE_BUGREPORT=''
PACKAGE_NAME=''
PACKAGE_STRING=''
PACKAGE_TARNAME=''
PACKAGE_URL=''
PACKAGE_VERSION=''
PATH_SEPARATOR=':'
RANLIB='ranlib'
RANLIB_FOR_BUILD='$(RANLIB)'
RANLIB_FOR_TARGET='$$r/$(HOST_SUBDIR)/binutils/ranlib'
RAW_CXX_FOR_TARGET='$(CXX)'
READELF='readelf'
READELF_FOR_TARGET='$$r/$(HOST_SUBDIR)/binutils/readelf'
RPATH_ENVVAR='LD_LIBRARY_PATH'
RUNTEST='runtest'
SED='/bin/sed'
SHELL='/bin/bash'
STRIP='strip'
STRIP_FOR_TARGET='$$r/$(HOST_SUBDIR)/binutils/strip-new'
SYSROOT_CFLAGS_FOR_TARGET=''
TOPLEVEL_CONFIGURE_ARGUMENTS='../configure --prefix=/home/majiahao/bbbbb/step3/binutils-install --enable-plugins --disable-nls'
WINDMC='windmc'
WINDMC_FOR_BUILD='$(WINDMC)'
WINDMC_FOR_TARGET='$$r/$(HOST_SUBDIR)/binutils/windmc'
WINDRES='windres'
WINDRES_FOR_BUILD='$(WINDRES)'
WINDRES_FOR_TARGET='$$r/$(HOST_SUBDIR)/binutils/windres'
YACC='bison -y'
ac_ct_CC='gcc'
ac_ct_CXX='g++'
bindir='${exec_prefix}/bin'
build='x86_64-pc-linux-gnu'
build_alias=''
build_configargs=' --cache-file=./config.cache '\''--prefix=/home/majiahao/bbbbb/step3/binutils-install'\'' '\''--enable-plugins'\'' '\''--disable-nls'\'' --program-transform-name='\''s,y,y,'\'' --disable-option-checking'
build_configdirs=' libiberty'
build_cpu='x86_64'
build_libsubdir='build-x86_64-pc-linux-gnu'
build_noncanonical='x86_64-pc-linux-gnu'
build_os='linux-gnu'
build_subdir='build-x86_64-pc-linux-gnu'
build_tooldir='${exec_prefix}/x86_64-pc-linux-gnu'
build_vendor='pc'
compare_exclusions='gcc/cc*-checksum$(objext) | gcc/ada/*tools/*'
configdirs=' intl libiberty opcodes bfd zlib binutils gas ld gprof etc'
datadir='${datarootdir}'
datarootdir='${prefix}/share'
do_compare='cmp --ignore-initial=16 $$f1 $$f2'
docdir='${datarootdir}/doc/${PACKAGE}'
dvidir='${docdir}'
exec_prefix='${prefix}'
extra_host_libiberty_configure_flags=''
extra_host_zlib_configure_flags=''
extra_isl_gmp_configure_flags=''
extra_liboffloadmic_configure_flags=''
extra_linker_plugin_configure_flags=''
extra_linker_plugin_flags=''
extra_mpc_gmp_configure_flags=''
extra_mpc_mpfr_configure_flags=''
extra_mpfr_configure_flags=''
get_gcc_base_ver='cat'
gmpinc=''
gmplibs='-lmpc -lmpfr -lgmp'
host='x86_64-pc-linux-gnu'
host_alias=''
host_configargs=' --cache-file=./config.cache  --with-gnu-as --with-gnu-ld '\''--prefix=/home/majiahao/bbbbb/step3/binutils-install'\'' '\''--enable-plugins'\'' '\''--disable-nls'\'' --program-transform-name='\''s,y,y,'\'' --disable-option-checking'
host_cpu='x86_64'
host_noncanonical='x86_64-pc-linux-gnu'
host_os='linux-gnu'
host_shared='no'
host_subdir='.'
host_vendor='pc'
htmldir='${docdir}'
includedir='${prefix}/include'
infodir='${datarootdir}/info'
islinc=''
isllibs=''
libdir='${exec_prefix}/lib'
libexecdir='${exec_prefix}/libexec'
localedir='${datarootdir}/locale'
localstatedir='${prefix}/var'
mandir='${datarootdir}/man'
oldincludedir='/usr/include'
pdfdir='${docdir}'
poststage1_ldflags='-static-libstdc++ -static-libgcc'
poststage1_libs=''
prefix='/home/majiahao/bbbbb/step3/binutils-install'
program_transform_name='s,y,y,'
psdir='${docdir}'
sbindir='${exec_prefix}/sbin'
sharedstatedir='${prefix}/com'
stage1_cflags='-g'
stage1_checking='--enable-checking=yes,types'
stage1_languages=',c,'
stage1_ldflags='-static-libstdc++ -static-libgcc'
stage1_libs=''
stage2_werror_flag=''
sysconfdir='${prefix}/etc'
target='x86_64-pc-linux-gnu'
target_alias=''
target_configargs='--cache-file=./config.cache --enable-multilib   '\''--prefix=/home/majiahao/bbbbb/step3/binutils-install'\'' '\''--enable-plugins'\'' '\''--disable-nls'\'' --program-transform-name='\''s,y,y,'\'' --disable-option-checking'
target_configdirs=''
target_cpu='x86_64'
target_noncanonical='x86_64-pc-linux-gnu'
target_os='linux-gnu'
target_subdir='x86_64-pc-linux-gnu'
target_vendor='pc'
tooldir='${exec_prefix}/x86_64-pc-linux-gnu'

## ------------------- ##
## File substitutions. ##
## ------------------- ##

alphaieee_frag='/dev/null'
host_makefile_frag='/dev/null'
ospace_frag='/dev/null'
serialization_dependencies='serdep.tmp'
target_makefile_frag='../config/mt-gnu'

## ----------- ##
## confdefs.h. ##
## ----------- ##

/* confdefs.h */
#define PACKAGE_NAME ""
#define PACKAGE_TARNAME ""
#define PACKAGE_VERSION ""
#define PACKAGE_STRING ""
#define PACKAGE_BUGREPORT ""
#define PACKAGE_URL ""
#define LT_OBJDIR ".libs/"

configure: exit 0
